#
# There is insufficient memory for the Java Runtime Environment to continue.
# Native memory allocation (mmap) failed to map 257949696 bytes. Error detail: G1 virtual space
# Possible reasons:
#   The system is out of physical RAM or swap space
#   This process is running with CompressedOops enabled, and the Java Heap may be blocking the growth of the native heap
# Possible solutions:
#   Reduce memory load on the system
#   Increase physical memory or swap space
#   Check if swap backing store is full
#   Decrease Java heap size (-Xmx/-Xms)
#   Decrease number of Java threads
#   Decrease Java thread stack sizes (-Xss)
#   Set larger code cache with -XX:ReservedCodeCacheSize=
#   JVM is running with Zero Based Compressed Oops mode in which the Java heap is
#     placed in the first 32GB address space. The Java Heap base address is the
#     maximum limit for the native heap growth. Please use -XX:HeapBaseMinAddress
#     to set the Java Heap base and to place the Java Heap above 32GB virtual address.
# This output file may be truncated or incomplete.
#
#  Out of Memory Error (os_windows.cpp:3710), pid=25364, tid=29672
#
# JRE version:  (17.0.14+7) (build )
# Java VM: OpenJDK 64-Bit Server VM (17.0.14+7-LTS, mixed mode, sharing, tiered, compressed oops, compressed class ptrs, g1 gc, windows-amd64)
# No core dump will be written. Minidumps are not enabled by default on client versions of Windows
#

---------------  S U M M A R Y ------------

Command Line: 

Host: AMD Ryzen 7 5800H with Radeon Graphics         , 16 cores, 15G,  Windows 11 , 64 bit Build 26100 (10.0.26100.7019)
Time: Wed Nov 12 20:04:40 2025 Hora padrão de GMT elapsed time: 2.011460 seconds (0d 0h 0m 2s)

---------------  T H R E A D  ---------------

Current thread (0x000001594021cfa0):  JavaThread "Unknown thread" [_thread_in_vm, id=29672, stack(0x0000001bde700000,0x0000001bde800000)]

Stack: [0x0000001bde700000,0x0000001bde800000]
Native frames: (J=compiled Java code, j=interpreted, Vv=VM code, C=native code)
V  [jvm.dll+0x6886b9]
V  [jvm.dll+0x83f6f8]
V  [jvm.dll+0x8411a3]
V  [jvm.dll+0x841813]
V  [jvm.dll+0x2495cf]
V  [jvm.dll+0x6855f9]
V  [jvm.dll+0x679a8a]
V  [jvm.dll+0x30afc7]
V  [jvm.dll+0x312536]
V  [jvm.dll+0x362eee]
V  [jvm.dll+0x36312d]
V  [jvm.dll+0x2e225c]
V  [jvm.dll+0x2e3174]
V  [jvm.dll+0x8115fb]
V  [jvm.dll+0x370c01]
V  [jvm.dll+0x7f00ef]
V  [jvm.dll+0x3f76ff]
V  [jvm.dll+0x3f9231]
C  [jli.dll+0x52a0]
C  [ucrtbase.dll+0x37b0]
C  [KERNEL32.DLL+0x2e8d7]
C  [ntdll.dll+0x8c53c]


---------------  P R O C E S S  ---------------

Threads class SMR info:
_java_thread_list=0x00007ffbb978efd8, length=0, elements={
}

Java Threads: ( => current thread )

Other Threads:
  0x000001594028bbb0 GCTaskThread "GC Thread#0" [stack: 0x0000001bde800000,0x0000001bde900000] [id=4960]
  0x000001594029cc50 ConcurrentGCThread "G1 Main Marker" [stack: 0x0000001bde900000,0x0000001bdea00000] [id=27472]
  0x000001594029dde0 ConcurrentGCThread "G1 Conc#0" [stack: 0x0000001bdea00000,0x0000001bdeb00000] [id=30544]

[error occurred during error reporting (printing all threads), id 0xc0000005, EXCEPTION_ACCESS_VIOLATION (0xc0000005) at pc=0x00007ffbb8f42db7]

VM state: not at safepoint (not fully initialized)

VM Mutex/Monitor currently owned by a thread:  ([mutex/lock_event])
[0x0000015940218650] Heap_lock - owner thread: 0x000001594021cfa0

Heap address: 0x000000070a800000, size: 3928 MB, Compressed Oops mode: Zero based, Oop shift amount: 3

CDS archive(s) mapped at: [0x0000000000000000-0x0000000000000000-0x0000000000000000), size 0, SharedBaseAddress: 0x0000000800000000, ArchiveRelocationMode: 1.
Narrow klass base: 0x0000000000000000, Narrow klass shift: 0, Narrow klass range: 0x0

GC Precious Log:
<Empty>

Heap:
 garbage-first heap   total 0K, used 0K [0x000000070a800000, 0x0000000800000000)
  region size 2048K, 0 young (0K), 0 survivors (0K)

[error occurred during error reporting (printing heap information), id 0xc0000005, EXCEPTION_ACCESS_VIOLATION (0xc0000005) at pc=0x00007ffbb93322e9]

GC Heap History (0 events):
No events

Dll operation events (1 events):
Event: 0.006 Loaded shared library C:\Program Files (x86)\Android\openjdk\jdk-17.0.14\bin\java.dll

Deoptimization events (0 events):
No events

Classes loaded (0 events):
No events

Classes unloaded (0 events):
No events

Classes redefined (0 events):
No events

Internal exceptions (0 events):
No events

VM Operations (0 events):
No events

Memory protections (0 events):
No events

Nmethod flushes (0 events):
No events

Events (0 events):
No events


Dynamic libraries:
0x00007ff7bab90000 - 0x00007ff7bab9e000 	C:\Program Files (x86)\Android\openjdk\jdk-17.0.14\bin\java.exe
0x00007ffcab500000 - 0x00007ffcab768000 	C:\WINDOWS\SYSTEM32\ntdll.dll
0x00007ffc7ee20000 - 0x00007ffc7ee40000 	C:\Program Files\Avast Software\Avast\aswhook.dll
0x00007ffcaa560000 - 0x00007ffcaa629000 	C:\WINDOWS\System32\KERNEL32.DLL
0x00007ffca87d0000 - 0x00007ffca8bc8000 	C:\WINDOWS\System32\KERNELBASE.dll
0x00007ffca8f60000 - 0x00007ffca90ab000 	C:\WINDOWS\System32\ucrtbase.dll
0x00007ffbba000000 - 0x00007ffbba017000 	C:\Program Files (x86)\Android\openjdk\jdk-17.0.14\bin\jli.dll
0x00007ffbb9fe0000 - 0x00007ffbb9ffd000 	C:\Program Files (x86)\Android\openjdk\jdk-17.0.14\bin\VCRUNTIME140.dll
0x00007ffcaa7d0000 - 0x00007ffcaa997000 	C:\WINDOWS\System32\USER32.dll
0x00007ffc944d0000 - 0x00007ffc94764000 	C:\WINDOWS\WinSxS\amd64_microsoft.windows.common-controls_6595b64144ccf1df_6.0.26100.7019_none_3e06ffa0e335b8a8\COMCTL32.dll
0x00007ffca8bd0000 - 0x00007ffca8bf7000 	C:\WINDOWS\System32\win32u.dll
0x00007ffca9fa0000 - 0x00007ffcaa049000 	C:\WINDOWS\System32\msvcrt.dll
0x00007ffca97f0000 - 0x00007ffca981b000 	C:\WINDOWS\System32\GDI32.dll
0x00007ffca9170000 - 0x00007ffca929c000 	C:\WINDOWS\System32\gdi32full.dll
0x00007ffca8c00000 - 0x00007ffca8ca3000 	C:\WINDOWS\System32\msvcp_win.dll
0x00007ffca94c0000 - 0x00007ffca94f1000 	C:\WINDOWS\System32\IMM32.DLL
0x00007ffbe4be0000 - 0x00007ffbe4bec000 	C:\Program Files (x86)\Android\openjdk\jdk-17.0.14\bin\vcruntime140_1.dll
0x00007ffbb9f50000 - 0x00007ffbb9fdd000 	C:\Program Files (x86)\Android\openjdk\jdk-17.0.14\bin\msvcp140.dll
0x00007ffbb8c50000 - 0x00007ffbb98c2000 	C:\Program Files (x86)\Android\openjdk\jdk-17.0.14\bin\server\jvm.dll
0x00007ffca93d0000 - 0x00007ffca9484000 	C:\WINDOWS\System32\ADVAPI32.dll
0x00007ffcaaa20000 - 0x00007ffcaaac6000 	C:\WINDOWS\System32\sechost.dll
0x00007ffca92b0000 - 0x00007ffca93c8000 	C:\WINDOWS\System32\RPCRT4.dll
0x00007ffcab3e0000 - 0x00007ffcab454000 	C:\WINDOWS\System32\WS2_32.dll
0x00007ffca84d0000 - 0x00007ffca852e000 	C:\WINDOWS\SYSTEM32\POWRPROF.dll
0x00007ffca2350000 - 0x00007ffca235b000 	C:\WINDOWS\SYSTEM32\VERSION.dll
0x00007ffc9b460000 - 0x00007ffc9b495000 	C:\WINDOWS\SYSTEM32\WINMM.dll
0x00007ffca84b0000 - 0x00007ffca84c4000 	C:\WINDOWS\SYSTEM32\UMPDC.dll
0x00007ffca73d0000 - 0x00007ffca73eb000 	C:\WINDOWS\SYSTEM32\kernel.appcore.dll
0x00007ffbe4b40000 - 0x00007ffbe4b4a000 	C:\Program Files (x86)\Android\openjdk\jdk-17.0.14\bin\jimage.dll
0x00007ffc9a9a0000 - 0x00007ffc9abe2000 	C:\WINDOWS\SYSTEM32\DBGHELP.DLL
0x00007ffca9a70000 - 0x00007ffca9dfb000 	C:\WINDOWS\System32\combase.dll
0x00007ffca9ec0000 - 0x00007ffca9f97000 	C:\WINDOWS\System32\OLEAUT32.dll
0x00007ffc95bf0000 - 0x00007ffc95c2c000 	C:\WINDOWS\SYSTEM32\dbgcore.DLL
0x00007ffca8d40000 - 0x00007ffca8de5000 	C:\WINDOWS\System32\bcryptPrimitives.dll
0x00007ffbb9cc0000 - 0x00007ffbb9ce5000 	C:\Program Files (x86)\Android\openjdk\jdk-17.0.14\bin\java.dll

dbghelp: loaded successfully - version: 4.0.5 - missing functions: none
symbol engine: initialized successfully - sym options: 0x614 - pdb path: .;C:\Program Files (x86)\Android\openjdk\jdk-17.0.14\bin;C:\WINDOWS\SYSTEM32;C:\Program Files\Avast Software\Avast;C:\WINDOWS\WinSxS\amd64_microsoft.windows.common-controls_6595b64144ccf1df_6.0.26100.7019_none_3e06ffa0e335b8a8;C:\Program Files (x86)\Android\openjdk\jdk-17.0.14\bin\server

VM Arguments:
java_command: <unknown>
java_class_path (initial): <not set>
Launcher Type: SUN_STANDARD

[Global flags]
     intx CICompilerCount                          = 12                                        {product} {ergonomic}
     uint ConcGCThreads                            = 3                                         {product} {ergonomic}
     uint G1ConcRefinementThreads                  = 13                                        {product} {ergonomic}
   size_t G1HeapRegionSize                         = 2097152                                   {product} {ergonomic}
    uintx GCDrainStackTargetSize                   = 64                                        {product} {ergonomic}
   size_t InitialHeapSize                          = 257949696                                 {product} {ergonomic}
   size_t MarkStackSize                            = 4194304                                   {product} {ergonomic}
   size_t MaxHeapSize                              = 4118806528                                {product} {ergonomic}
   size_t MinHeapDeltaBytes                        = 2097152                                   {product} {ergonomic}
   size_t MinHeapSize                              = 8388608                                   {product} {ergonomic}
    uintx NonNMethodCodeHeapSize                   = 7602480                                {pd product} {ergonomic}
    uintx NonProfiledCodeHeapSize                  = 122027880                              {pd product} {ergonomic}
    uintx ProfiledCodeHeapSize                     = 122027880                              {pd product} {ergonomic}
    uintx ReservedCodeCacheSize                    = 251658240                              {pd product} {ergonomic}
     bool SegmentedCodeCache                       = true                                      {product} {ergonomic}
   size_t SoftMaxHeapSize                          = 4118806528                             {manageable} {ergonomic}
     bool UseCompressedClassPointers               = true                           {product lp64_product} {ergonomic}
     bool UseCompressedOops                        = true                           {product lp64_product} {ergonomic}
     bool UseG1GC                                  = true                                      {product} {ergonomic}
     bool UseLargePagesIndividualAllocation        = false                                  {pd product} {ergonomic}

Logging:
Log output configuration:
 #0: stdout all=warning uptime,level,tags
 #1: stderr all=off uptime,level,tags

Environment Variables:
PATH=C:\Program Files\Java\jdk-25\bin;C:\Program Files (x86)\Android\openjdk\jdk-17.0.14\bin;C:\Program Files\Common Files\Oracle\Java\javapath;C:\Program Files\PlasticSCM5\server;C:\Program Files\PlasticSCM5\client;C:\Program Files\Microsoft\jdk-11.0.16.101-hotspot\bin;C:\WINDOWS\system32;C:\WINDOWS;C:\WINDOWS\System32\Wbem;C:\WINDOWS\System32\WindowsPowerShell\v1.0\;C:\WINDOWS\System32\OpenSSH\;C:\Program Files\Microsoft SQL Server\150\Tools\Binn\;C:\Program Files (x86)\NVIDIA Corporation\PhysX\Common;C:\Program Files\dotnet\;C:\Program Files\Microsoft SQL Server\Client SDK\ODBC\170\Tools\Binn\;C:\MinGW\bin;C:\Users\leone\AppData\Local\nvm;C:\nvm4w\nodejs;C:\Program Files\NVIDIA Corporation\NVIDIA app\NvDLISR;C:\Program Files\Git\cmd;C:\Users\leone\AppData\Local\Programs\Python\Python312\Scripts\;C:\Users\leone\AppData\Local\Programs\Python\Python312\;C:\Users\leone\AppData\Local\Microsoft\WindowsApps;C:\Users\leone\AppData\Local\Programs\Microsoft VS Code\bin;C:\Users\leone\.dotnet\tools;C:\Users\leone\AppData\Local\GitHubDesktop\bin;C:\Users\leone\AppData\Local\nvm;C:\nvm4w\nodejs;C:\PROGRAM FILES\MICROSOFT VISUAL STUDIO\2022\COMMUNITY\COMMON7\IDE\EXTENSIONS\XAMARIN.VISUALSTUDIO
USERNAME=leone
OS=Windows_NT
PROCESSOR_IDENTIFIER=AMD64 Family 25 Model 80 Stepping 0, AuthenticAMD
TMP=C:\Users\leone\AppData\Local\Temp
TEMP=C:\Users\leone\AppData\Local\Temp



Periodic native trim disabled


---------------  S Y S T E M  ---------------

OS:
 Windows 11 , 64 bit Build 26100 (10.0.26100.7019)
OS uptime: 2 days 9:09 hours
Hyper-V role detected

CPU: total 16 (initial active 16) (16 cores per cpu, 2 threads per core) family 25 model 80 stepping 0 microcode 0xa50000d, cx8, cmov, fxsr, ht, mmx, 3dnowpref, sse, sse2, sse3, ssse3, sse4a, sse4.1, sse4.2, popcnt, lzcnt, tsc, tscinvbit, avx, avx2, aes, erms, clmul, bmi1, bmi2, adx, sha, fma, vzeroupper, clflush, clflushopt, hv
Processor Information for the first 16 processors :
  Max Mhz: 3201, Current Mhz: 3201, Mhz Limit: 3201

Memory: 4k page, system-wide physical 15711M (1101M free)
TotalPageFile size 19807M (AvailPageFile size 118M)
current process WorkingSet (physical memory assigned to process): 13M, peak: 13M
current process commit charge ("private bytes"): 71M, peak: 317M

vm_info: OpenJDK 64-Bit Server VM (17.0.14+7-LTS) for windows-amd64 JRE (17.0.14+7-LTS), built on Jan  8 2025 23:39:28 by "MicrosoftCorporation" with unknown MS VC++:1939

END.
